0 info it worked if it ends with ok
1 verbose cli [ 'C:\\Program Files\\nodejs\\node.exe',
1 verbose cli   'C:\\Program Files\\nodejs\\node_modules\\npm\\bin\\npm-cli.js',
1 verbose cli   'i',
1 verbose cli   'luch-request',
1 verbose cli   '-S' ]
2 info using npm@3.10.10
3 info using node@v6.10.0
4 silly loadCurrentTree Starting
5 silly install loadCurrentTree
6 silly install readLocalPackageData
7 silly fetchPackageMetaData luch-request
8 silly fetchNamedPackageData luch-request
9 silly mapToRegistry name luch-request
10 silly mapToRegistry using default registry
11 silly mapToRegistry registry https://registry.npm.taobao.org/
12 silly mapToRegistry data Result {
12 silly mapToRegistry   raw: 'luch-request',
12 silly mapToRegistry   scope: null,
12 silly mapToRegistry   escapedName: 'luch-request',
12 silly mapToRegistry   name: 'luch-request',
12 silly mapToRegistry   rawSpec: '',
12 silly mapToRegistry   spec: 'latest',
12 silly mapToRegistry   type: 'tag' }
13 silly mapToRegistry uri https://registry.npm.taobao.org/luch-request
14 verbose request uri https://registry.npm.taobao.org/luch-request
15 verbose request no auth needed
16 info attempt registry request try #1 at 23:15:08
17 verbose request id 4bcb0c9f66cd9b46
18 http request GET https://registry.npm.taobao.org/luch-request
19 http 200 https://registry.npm.taobao.org/luch-request
20 verbose headers { server: 'Tengine',
20 verbose headers   'content-type': 'application/json; charset=utf-8',
20 verbose headers   'content-length': '3107',
20 verbose headers   connection: 'keep-alive',
20 verbose headers   date: 'Tue, 22 Jun 2021 15:15:04 GMT',
20 verbose headers   'x-current-requests': '1',
20 verbose headers   vary: 'accept, accept-encoding',
20 verbose headers   etag: 'W/"b3df1a55c30797ab5030a0d7b3458b3f"',
20 verbose headers   'cache-control': 'max-age=0, s-maxage=120, must-revalidate',
20 verbose headers   'x-readtime': '16',
20 verbose headers   via: 'cn359.l1, cache6.cn359, l2et2.l2, cache46.l2et2, izbp127ruhn1gm9jws6c62z, cache46.l2et2[27,28,304-0,M], cache11.l2et2[29,0], cache6.cn359[48,48,200-0,H], cache3.cn359[52,0]',
20 verbose headers   'content-encoding': 'gzip',
20 verbose headers   'ali-swift-global-savetime': '1624374263',
20 verbose headers   age: '0',
20 verbose headers   'x-cache': 'HIT TCP_REFRESH_HIT dirn:0:442539503',
20 verbose headers   'x-swift-savetime': 'Tue, 22 Jun 2021 15:15:04 GMT',
20 verbose headers   'x-swift-cachetime': '120',
20 verbose headers   'timing-allow-origin': '*',
20 verbose headers   eagleid: '672bd2cb16243749040475219e' }
21 silly get cb [ 200,
21 silly get   { server: 'Tengine',
21 silly get     'content-type': 'application/json; charset=utf-8',
21 silly get     'content-length': '3107',
21 silly get     connection: 'keep-alive',
21 silly get     date: 'Tue, 22 Jun 2021 15:15:04 GMT',
21 silly get     'x-current-requests': '1',
21 silly get     vary: 'accept, accept-encoding',
21 silly get     etag: 'W/"b3df1a55c30797ab5030a0d7b3458b3f"',
21 silly get     'cache-control': 'max-age=0, s-maxage=120, must-revalidate',
21 silly get     'x-readtime': '16',
21 silly get     via: 'cn359.l1, cache6.cn359, l2et2.l2, cache46.l2et2, izbp127ruhn1gm9jws6c62z, cache46.l2et2[27,28,304-0,M], cache11.l2et2[29,0], cache6.cn359[48,48,200-0,H], cache3.cn359[52,0]',
21 silly get     'content-encoding': 'gzip',
21 silly get     'ali-swift-global-savetime': '1624374263',
21 silly get     age: '0',
21 silly get     'x-cache': 'HIT TCP_REFRESH_HIT dirn:0:442539503',
21 silly get     'x-swift-savetime': 'Tue, 22 Jun 2021 15:15:04 GMT',
21 silly get     'x-swift-cachetime': '120',
21 silly get     'timing-allow-origin': '*',
21 silly get     eagleid: '672bd2cb16243749040475219e' } ]
22 verbose get saving luch-request to C:\Program Files\nodejs\node_cache\registry.npm.taobao.org\luch-request\.cache.json
23 verbose correctMkdir C:\Program Files\nodejs\node_cache correctMkdir not in flight; initializing
24 silly install normalizeTree
25 silly loadCurrentTree Finishing
26 silly loadIdealTree Starting
27 silly install loadIdealTree
28 silly cloneCurrentTree Starting
29 silly install cloneCurrentTreeToIdealTree
30 silly cloneCurrentTree Finishing
31 silly loadShrinkwrap Starting
32 silly install loadShrinkwrap
33 silly loadShrinkwrap Finishing
34 silly loadAllDepsIntoIdealTree Starting
35 silly install loadAllDepsIntoIdealTree
36 silly resolveWithNewModule luch-request@3.0.6 checking installable status
37 silly cache add args [ 'luch-request', null ]
38 verbose cache add spec luch-request
39 silly cache add parsed spec Result {
39 silly cache add   raw: 'luch-request',
39 silly cache add   scope: null,
39 silly cache add   escapedName: 'luch-request',
39 silly cache add   name: 'luch-request',
39 silly cache add   rawSpec: '',
39 silly cache add   spec: 'latest',
39 silly cache add   type: 'tag' }
40 silly addNamed luch-request@latest
41 verbose addNamed "latest" is being treated as a dist-tag for luch-request
42 info addNameTag [ 'luch-request', 'latest' ]
43 silly mapToRegistry name luch-request
44 silly mapToRegistry using default registry
45 silly mapToRegistry registry https://registry.npm.taobao.org/
46 silly mapToRegistry data Result {
46 silly mapToRegistry   raw: 'luch-request',
46 silly mapToRegistry   scope: null,
46 silly mapToRegistry   escapedName: 'luch-request',
46 silly mapToRegistry   name: 'luch-request',
46 silly mapToRegistry   rawSpec: '',
46 silly mapToRegistry   spec: 'latest',
46 silly mapToRegistry   type: 'tag' }
47 silly mapToRegistry uri https://registry.npm.taobao.org/luch-request
48 verbose addNameTag registry:https://registry.npm.taobao.org/luch-request not in flight; fetching
49 verbose request uri https://registry.npm.taobao.org/luch-request
50 verbose request no auth needed
51 info attempt registry request try #1 at 23:15:08
52 http request GET https://registry.npm.taobao.org/luch-request
53 http 200 https://registry.npm.taobao.org/luch-request
54 verbose headers { server: 'Tengine',
54 verbose headers   'content-type': 'application/json; charset=utf-8',
54 verbose headers   'content-length': '3107',
54 verbose headers   connection: 'keep-alive',
54 verbose headers   date: 'Tue, 22 Jun 2021 15:15:04 GMT',
54 verbose headers   'x-current-requests': '1',
54 verbose headers   vary: 'accept, accept-encoding',
54 verbose headers   etag: 'W/"b3df1a55c30797ab5030a0d7b3458b3f"',
54 verbose headers   'cache-control': 'max-age=0, s-maxage=120, must-revalidate',
54 verbose headers   'x-readtime': '16',
54 verbose headers   via: 'cn359.l1, cache6.cn359, l2et2.l2, cache46.l2et2, izbp127ruhn1gm9jws6c62z, cache46.l2et2[27,28,304-0,M], cache11.l2et2[29,0], cache6.cn359[0,0,200-0,H], cache3.cn359[1,0]',
54 verbose headers   'content-encoding': 'gzip',
54 verbose headers   'ali-swift-global-savetime': '1624374263',
54 verbose headers   age: '0',
54 verbose headers   'x-cache': 'HIT TCP_MEM_HIT dirn:0:442539503',
54 verbose headers   'x-swift-savetime': 'Tue, 22 Jun 2021 15:15:04 GMT',
54 verbose headers   'x-swift-cachetime': '120',
54 verbose headers   'timing-allow-origin': '*',
54 verbose headers   eagleid: '672bd2cb16243749041455419e' }
55 silly get cb [ 200,
55 silly get   { server: 'Tengine',
55 silly get     'content-type': 'application/json; charset=utf-8',
55 silly get     'content-length': '3107',
55 silly get     connection: 'keep-alive',
55 silly get     date: 'Tue, 22 Jun 2021 15:15:04 GMT',
55 silly get     'x-current-requests': '1',
55 silly get     vary: 'accept, accept-encoding',
55 silly get     etag: 'W/"b3df1a55c30797ab5030a0d7b3458b3f"',
55 silly get     'cache-control': 'max-age=0, s-maxage=120, must-revalidate',
55 silly get     'x-readtime': '16',
55 silly get     via: 'cn359.l1, cache6.cn359, l2et2.l2, cache46.l2et2, izbp127ruhn1gm9jws6c62z, cache46.l2et2[27,28,304-0,M], cache11.l2et2[29,0], cache6.cn359[0,0,200-0,H], cache3.cn359[1,0]',
55 silly get     'content-encoding': 'gzip',
55 silly get     'ali-swift-global-savetime': '1624374263',
55 silly get     age: '0',
55 silly get     'x-cache': 'HIT TCP_MEM_HIT dirn:0:442539503',
55 silly get     'x-swift-savetime': 'Tue, 22 Jun 2021 15:15:04 GMT',
55 silly get     'x-swift-cachetime': '120',
55 silly get     'timing-allow-origin': '*',
55 silly get     eagleid: '672bd2cb16243749041455419e' } ]
56 verbose get saving luch-request to C:\Program Files\nodejs\node_cache\registry.npm.taobao.org\luch-request\.cache.json
57 verbose correctMkdir C:\Program Files\nodejs\node_cache correctMkdir not in flight; initializing
58 silly addNameTag next cb for luch-request with tag latest
59 silly addNamed luch-request@3.0.6
60 verbose addNamed "3.0.6" is a plain semver version for luch-request
61 silly mapToRegistry name luch-request
62 silly mapToRegistry using default registry
63 silly mapToRegistry registry https://registry.npm.taobao.org/
64 silly mapToRegistry data Result {
64 silly mapToRegistry   raw: 'luch-request',
64 silly mapToRegistry   scope: null,
64 silly mapToRegistry   escapedName: 'luch-request',
64 silly mapToRegistry   name: 'luch-request',
64 silly mapToRegistry   rawSpec: '',
64 silly mapToRegistry   spec: 'latest',
64 silly mapToRegistry   type: 'tag' }
65 silly mapToRegistry uri https://registry.npm.taobao.org/luch-request
66 verbose addRemoteTarball https://registry.nlark.com/luch-request/download/luch-request-3.0.6.tgz not in flight; adding
67 verbose addRemoteTarball [ 'https://registry.nlark.com/luch-request/download/luch-request-3.0.6.tgz',
67 verbose addRemoteTarball   '5a2cf049cb8bf8157aa562f8e25b1ab95da42d9a' ]
68 info retry fetch attempt 1 at 23:15:08
69 info attempt registry request try #1 at 23:15:08
70 http fetch GET https://registry.nlark.com/luch-request/download/luch-request-3.0.6.tgz
71 http fetch 200 https://registry.nlark.com/luch-request/download/luch-request-3.0.6.tgz
72 silly fetchAndShaCheck shasum 5a2cf049cb8bf8157aa562f8e25b1ab95da42d9a
73 verbose addTmpTarball C:\Users\王玉峰\AppData\Local\Temp\npm-14080-f7f03b06\registry.nlark.com\luch-request\download\luch-request-3.0.6.tgz not in flight; adding
74 verbose addTmpTarball already have metadata; skipping unpack for luch-request@3.0.6
75 verbose correctMkdir C:\Program Files\nodejs\node_cache correctMkdir not in flight; initializing
76 silly rollbackFailedOptional Starting
77 silly rollbackFailedOptional Finishing
78 silly runTopLevelLifecycles Finishing
79 silly install printInstalled
80 verbose stack Error: EPERM: operation not permitted, mkdir 'C:\Program Files\nodejs\node_cache\luch-request'
80 verbose stack     at Error (native)
81 verbose cwd D:\工作项目\金证智校\school_admin
82 error Windows_NT 10.0.19042
83 error argv "C:\\Program Files\\nodejs\\node.exe" "C:\\Program Files\\nodejs\\node_modules\\npm\\bin\\npm-cli.js" "i" "luch-request" "-S"
84 error node v6.10.0
85 error npm  v3.10.10
86 error path C:\Program Files\nodejs\node_cache\luch-request
87 error code EPERM
88 error errno -4048
89 error syscall mkdir
90 error Error: EPERM: operation not permitted, mkdir 'C:\Program Files\nodejs\node_cache\luch-request'
90 error     at Error (native)
90 error  { Error: EPERM: operation not permitted, mkdir 'C:\Program Files\nodejs\node_cache\luch-request'
90 error     at Error (native)
90 error   errno: -4048,
90 error   code: 'EPERM',
90 error   syscall: 'mkdir',
90 error   path: 'C:\\Program Files\\nodejs\\node_cache\\luch-request' }
91 error Please try running this command again as root/Administrator.
92 verbose exit [ -4048, true ]
